{"/Users/pitamber/Desktop/LF-assignment/server/app.js": {"path":"/Users/pitamber/Desktop/LF-assignment/server/app.js","statementMap":{"0":{"start":{"line":1,"column":16},"end":{"line":1,"column":34}},"1":{"start":{"line":2,"column":12},"end":{"line":2,"column":21}},"2":{"start":{"line":3,"column":17},"end":{"line":3,"column":36}},"3":{"start":{"line":4,"column":13},"end":{"line":4,"column":28}},"4":{"start":{"line":5,"column":15},"end":{"line":5,"column":40}},"5":{"start":{"line":10,"column":4},"end":{"line":10,"column":33}},"6":{"start":{"line":11,"column":22},"end":{"line":11,"column":55}},"7":{"start":{"line":12,"column":19},"end":{"line":12,"column":49}},"8":{"start":{"line":14,"column":0},"end":{"line":14,"column":37}},"9":{"start":{"line":17,"column":0},"end":{"line":17,"column":41}},"10":{"start":{"line":18,"column":0},"end":{"line":18,"column":47}},"11":{"start":{"line":19,"column":0},"end":{"line":19,"column":16}},"12":{"start":{"line":21,"column":0},"end":{"line":21,"column":24}},"13":{"start":{"line":22,"column":0},"end":{"line":22,"column":39}},"14":{"start":{"line":23,"column":0},"end":{"line":23,"column":30}},"15":{"start":{"line":26,"column":0},"end":{"line":26,"column":22}},"16":{"start":{"line":27,"column":0},"end":{"line":27,"column":25}},"17":{"start":{"line":29,"column":0},"end":{"line":29,"column":21}}},"fnMap":{},"branchMap":{},"s":{"0":2,"1":2,"2":2,"3":2,"4":2,"5":2,"6":2,"7":2,"8":2,"9":2,"10":2,"11":2,"12":2,"13":2,"14":2,"15":2,"16":2,"17":2},"f":{},"b":{},"_coverageSchema":"1a1c01bbd47fc00a2c39e90264f33305004495a9","hash":"4acf73abb2bc95046f1ef2c6f0ed297d87bc2b75"}
,"/Users/pitamber/Desktop/LF-assignment/server/multer.js": {"path":"/Users/pitamber/Desktop/LF-assignment/server/multer.js","statementMap":{"0":{"start":{"line":1,"column":15},"end":{"line":1,"column":32}},"1":{"start":{"line":3,"column":0},"end":{"line":6,"column":3}}},"fnMap":{},"branchMap":{},"s":{"0":2,"1":2},"f":{},"b":{},"_coverageSchema":"1a1c01bbd47fc00a2c39e90264f33305004495a9","hash":"981fff1292d4124a72345926fee4ec1a46d773f6"}
,"/Users/pitamber/Desktop/LF-assignment/server/controllers/patients.js": {"path":"/Users/pitamber/Desktop/LF-assignment/server/controllers/patients.js","statementMap":{"0":{"start":{"line":1,"column":16},"end":{"line":1,"column":44}},"1":{"start":{"line":2,"column":13},"end":{"line":2,"column":38}},"2":{"start":{"line":3,"column":22},"end":{"line":3,"column":49}},"3":{"start":{"line":4,"column":12},"end":{"line":4,"column":35}},"4":{"start":{"line":5,"column":19},"end":{"line":5,"column":40}},"5":{"start":{"line":6,"column":17},"end":{"line":6,"column":37}},"6":{"start":{"line":8,"column":0},"end":{"line":12,"column":3}},"7":{"start":{"line":24,"column":0},"end":{"line":28,"column":3}},"8":{"start":{"line":25,"column":2},"end":{"line":27,"column":5}},"9":{"start":{"line":26,"column":4},"end":{"line":26,"column":23}},"10":{"start":{"line":30,"column":0},"end":{"line":40,"column":3}},"11":{"start":{"line":31,"column":2},"end":{"line":39,"column":35}},"12":{"start":{"line":33,"column":6},"end":{"line":37,"column":7}},"13":{"start":{"line":34,"column":8},"end":{"line":34,"column":26}},"14":{"start":{"line":36,"column":8},"end":{"line":36,"column":30}},"15":{"start":{"line":39,"column":22},"end":{"line":39,"column":33}},"16":{"start":{"line":42,"column":0},"end":{"line":93,"column":3}},"17":{"start":{"line":43,"column":16},"end":{"line":43,"column":25}},"18":{"start":{"line":55,"column":6},"end":{"line":55,"column":14}},"19":{"start":{"line":57,"column":23},"end":{"line":57,"column":60}},"20":{"start":{"line":58,"column":2},"end":{"line":60,"column":3}},"21":{"start":{"line":59,"column":4},"end":{"line":59,"column":71}},"22":{"start":{"line":61,"column":15},"end":{"line":61,"column":51}},"23":{"start":{"line":63,"column":18},"end":{"line":72,"column":3}},"24":{"start":{"line":69,"column":6},"end":{"line":69,"column":25}},"25":{"start":{"line":69,"column":15},"end":{"line":69,"column":25}},"26":{"start":{"line":70,"column":6},"end":{"line":70,"column":31}},"27":{"start":{"line":74,"column":18},"end":{"line":86,"column":4}},"28":{"start":{"line":87,"column":2},"end":{"line":92,"column":35}},"29":{"start":{"line":90,"column":6},"end":{"line":90,"column":41}},"30":{"start":{"line":92,"column":22},"end":{"line":92,"column":33}},"31":{"start":{"line":95,"column":0},"end":{"line":101,"column":3}},"32":{"start":{"line":96,"column":2},"end":{"line":100,"column":35}},"33":{"start":{"line":98,"column":6},"end":{"line":98,"column":28}},"34":{"start":{"line":100,"column":22},"end":{"line":100,"column":33}},"35":{"start":{"line":103,"column":0},"end":{"line":111,"column":3}},"36":{"start":{"line":104,"column":18},"end":{"line":104,"column":26}},"37":{"start":{"line":105,"column":2},"end":{"line":105,"column":23}},"38":{"start":{"line":106,"column":2},"end":{"line":110,"column":35}},"39":{"start":{"line":108,"column":6},"end":{"line":108,"column":31}},"40":{"start":{"line":110,"column":22},"end":{"line":110,"column":33}},"41":{"start":{"line":113,"column":0},"end":{"line":113,"column":31}}},"fnMap":{"0":{"name":"(anonymous_0)","decl":{"start":{"line":24,"column":23},"end":{"line":24,"column":24}},"loc":{"start":{"line":24,"column":37},"end":{"line":28,"column":1}},"line":24},"1":{"name":"(anonymous_1)","decl":{"start":{"line":25,"column":24},"end":{"line":25,"column":25}},"loc":{"start":{"line":25,"column":38},"end":{"line":27,"column":3}},"line":25},"2":{"name":"(anonymous_2)","decl":{"start":{"line":30,"column":26},"end":{"line":30,"column":27}},"loc":{"start":{"line":30,"column":46},"end":{"line":40,"column":1}},"line":30},"3":{"name":"(anonymous_3)","decl":{"start":{"line":32,"column":10},"end":{"line":32,"column":11}},"loc":{"start":{"line":32,"column":23},"end":{"line":38,"column":5}},"line":32},"4":{"name":"(anonymous_4)","decl":{"start":{"line":39,"column":11},"end":{"line":39,"column":12}},"loc":{"start":{"line":39,"column":22},"end":{"line":39,"column":33}},"line":39},"5":{"name":"(anonymous_5)","decl":{"start":{"line":42,"column":24},"end":{"line":42,"column":25}},"loc":{"start":{"line":42,"column":50},"end":{"line":93,"column":1}},"line":42},"6":{"name":"(anonymous_6)","decl":{"start":{"line":68,"column":4},"end":{"line":68,"column":5}},"loc":{"start":{"line":68,"column":21},"end":{"line":71,"column":5}},"line":68},"7":{"name":"(anonymous_7)","decl":{"start":{"line":89,"column":10},"end":{"line":89,"column":11}},"loc":{"start":{"line":89,"column":28},"end":{"line":91,"column":5}},"line":89},"8":{"name":"(anonymous_8)","decl":{"start":{"line":92,"column":11},"end":{"line":92,"column":12}},"loc":{"start":{"line":92,"column":22},"end":{"line":92,"column":33}},"line":92},"9":{"name":"(anonymous_9)","decl":{"start":{"line":95,"column":29},"end":{"line":95,"column":30}},"loc":{"start":{"line":95,"column":49},"end":{"line":101,"column":1}},"line":95},"10":{"name":"(anonymous_10)","decl":{"start":{"line":97,"column":10},"end":{"line":97,"column":11}},"loc":{"start":{"line":97,"column":16},"end":{"line":99,"column":5}},"line":97},"11":{"name":"(anonymous_11)","decl":{"start":{"line":100,"column":11},"end":{"line":100,"column":12}},"loc":{"start":{"line":100,"column":22},"end":{"line":100,"column":33}},"line":100},"12":{"name":"(anonymous_12)","decl":{"start":{"line":103,"column":26},"end":{"line":103,"column":27}},"loc":{"start":{"line":103,"column":46},"end":{"line":111,"column":1}},"line":103},"13":{"name":"(anonymous_13)","decl":{"start":{"line":107,"column":10},"end":{"line":107,"column":11}},"loc":{"start":{"line":107,"column":30},"end":{"line":109,"column":5}},"line":107},"14":{"name":"(anonymous_14)","decl":{"start":{"line":110,"column":11},"end":{"line":110,"column":12}},"loc":{"start":{"line":110,"column":22},"end":{"line":110,"column":33}},"line":110}},"branchMap":{"0":{"loc":{"start":{"line":33,"column":6},"end":{"line":37,"column":7}},"type":"if","locations":[{"start":{"line":33,"column":6},"end":{"line":37,"column":7}},{"start":{"line":35,"column":13},"end":{"line":37,"column":7}}],"line":33},"1":{"loc":{"start":{"line":58,"column":2},"end":{"line":60,"column":3}},"type":"if","locations":[{"start":{"line":58,"column":2},"end":{"line":60,"column":3}},{"start":{},"end":{}}],"line":58},"2":{"loc":{"start":{"line":69,"column":6},"end":{"line":69,"column":25}},"type":"if","locations":[{"start":{"line":69,"column":6},"end":{"line":69,"column":25}},{"start":{},"end":{}}],"line":69}},"s":{"0":2,"1":2,"2":2,"3":2,"4":2,"5":2,"6":2,"7":2,"8":3,"9":3,"10":2,"11":0,"12":0,"13":0,"14":0,"15":0,"16":2,"17":2,"18":2,"19":2,"20":2,"21":0,"22":2,"23":2,"24":2,"25":2,"26":0,"27":0,"28":0,"29":0,"30":0,"31":2,"32":1,"33":1,"34":0,"35":2,"36":1,"37":1,"38":1,"39":1,"40":0,"41":2},"f":{"0":3,"1":3,"2":0,"3":0,"4":0,"5":2,"6":2,"7":0,"8":0,"9":1,"10":1,"11":0,"12":1,"13":1,"14":0},"b":{"0":[0,0],"1":[0,2],"2":[2,0]},"_coverageSchema":"1a1c01bbd47fc00a2c39e90264f33305004495a9","hash":"cdff35e2757a23b3e351c4d883514d0c7e5b22da"}
,"/Users/pitamber/Desktop/LF-assignment/server/controllers/users.js": {"path":"/Users/pitamber/Desktop/LF-assignment/server/controllers/users.js","statementMap":{"0":{"start":{"line":1,"column":15},"end":{"line":1,"column":32}},"1":{"start":{"line":2,"column":12},"end":{"line":2,"column":35}},"2":{"start":{"line":3,"column":15},"end":{"line":3,"column":41}},"3":{"start":{"line":4,"column":13},"end":{"line":4,"column":38}},"4":{"start":{"line":5,"column":19},"end":{"line":5,"column":46}},"5":{"start":{"line":7,"column":0},"end":{"line":10,"column":3}},"6":{"start":{"line":8,"column":15},"end":{"line":8,"column":34}},"7":{"start":{"line":9,"column":2},"end":{"line":9,"column":29}},"8":{"start":{"line":12,"column":0},"end":{"line":40,"column":3}},"9":{"start":{"line":13,"column":40},"end":{"line":13,"column":52}},"10":{"start":{"line":15,"column":2},"end":{"line":19,"column":3}},"11":{"start":{"line":16,"column":4},"end":{"line":18,"column":70}},"12":{"start":{"line":21,"column":23},"end":{"line":21,"column":52}},"13":{"start":{"line":22,"column":2},"end":{"line":26,"column":3}},"14":{"start":{"line":23,"column":4},"end":{"line":25,"column":7}},"15":{"start":{"line":28,"column":21},"end":{"line":28,"column":23}},"16":{"start":{"line":29,"column":23},"end":{"line":29,"column":62}},"17":{"start":{"line":31,"column":15},"end":{"line":35,"column":4}},"18":{"start":{"line":37,"column":20},"end":{"line":37,"column":37}},"19":{"start":{"line":39,"column":2},"end":{"line":39,"column":39}},"20":{"start":{"line":42,"column":0},"end":{"line":70,"column":3}},"21":{"start":{"line":43,"column":2},"end":{"line":69,"column":3}},"22":{"start":{"line":44,"column":32},"end":{"line":44,"column":40}},"23":{"start":{"line":45,"column":4},"end":{"line":46,"column":79}},"24":{"start":{"line":46,"column":6},"end":{"line":46,"column":79}},"25":{"start":{"line":48,"column":17},"end":{"line":48,"column":46}},"26":{"start":{"line":49,"column":4},"end":{"line":49,"column":22}},"27":{"start":{"line":50,"column":4},"end":{"line":52,"column":5}},"28":{"start":{"line":51,"column":6},"end":{"line":51,"column":69}},"29":{"start":{"line":53,"column":20},"end":{"line":53,"column":65}},"30":{"start":{"line":54,"column":4},"end":{"line":56,"column":5}},"31":{"start":{"line":55,"column":6},"end":{"line":55,"column":63}},"32":{"start":{"line":57,"column":25},"end":{"line":60,"column":5}},"33":{"start":{"line":61,"column":18},"end":{"line":61,"column":79}},"34":{"start":{"line":62,"column":20},"end":{"line":64,"column":6}},"35":{"start":{"line":66,"column":4},"end":{"line":66,"column":77}},"36":{"start":{"line":68,"column":4},"end":{"line":68,"column":16}},"37":{"start":{"line":71,"column":0},"end":{"line":91,"column":3}},"38":{"start":{"line":72,"column":2},"end":{"line":90,"column":3}},"39":{"start":{"line":73,"column":25},"end":{"line":73,"column":39}},"40":{"start":{"line":74,"column":4},"end":{"line":75,"column":71}},"41":{"start":{"line":75,"column":6},"end":{"line":75,"column":71}},"42":{"start":{"line":77,"column":17},"end":{"line":77,"column":57}},"43":{"start":{"line":78,"column":4},"end":{"line":78,"column":27}},"44":{"start":{"line":79,"column":25},"end":{"line":82,"column":5}},"45":{"start":{"line":83,"column":24},"end":{"line":85,"column":6}},"46":{"start":{"line":86,"column":4},"end":{"line":86,"column":29}},"47":{"start":{"line":87,"column":4},"end":{"line":87,"column":42}},"48":{"start":{"line":89,"column":4},"end":{"line":89,"column":16}},"49":{"start":{"line":93,"column":0},"end":{"line":93,"column":28}}},"fnMap":{"0":{"name":"(anonymous_0)","decl":{"start":{"line":7,"column":20},"end":{"line":7,"column":21}},"loc":{"start":{"line":7,"column":40},"end":{"line":10,"column":1}},"line":7},"1":{"name":"(anonymous_1)","decl":{"start":{"line":12,"column":29},"end":{"line":12,"column":30}},"loc":{"start":{"line":12,"column":58},"end":{"line":40,"column":1}},"line":12},"2":{"name":"(anonymous_2)","decl":{"start":{"line":42,"column":26},"end":{"line":42,"column":27}},"loc":{"start":{"line":42,"column":52},"end":{"line":70,"column":1}},"line":42},"3":{"name":"(anonymous_3)","decl":{"start":{"line":71,"column":37},"end":{"line":71,"column":38}},"loc":{"start":{"line":71,"column":63},"end":{"line":91,"column":1}},"line":71}},"branchMap":{"0":{"loc":{"start":{"line":15,"column":2},"end":{"line":19,"column":3}},"type":"if","locations":[{"start":{"line":15,"column":2},"end":{"line":19,"column":3}},{"start":{},"end":{}}],"line":15},"1":{"loc":{"start":{"line":22,"column":2},"end":{"line":26,"column":3}},"type":"if","locations":[{"start":{"line":22,"column":2},"end":{"line":26,"column":3}},{"start":{},"end":{}}],"line":22},"2":{"loc":{"start":{"line":45,"column":4},"end":{"line":46,"column":79}},"type":"if","locations":[{"start":{"line":45,"column":4},"end":{"line":46,"column":79}},{"start":{},"end":{}}],"line":45},"3":{"loc":{"start":{"line":45,"column":8},"end":{"line":45,"column":27}},"type":"binary-expr","locations":[{"start":{"line":45,"column":8},"end":{"line":45,"column":14}},{"start":{"line":45,"column":18},"end":{"line":45,"column":27}}],"line":45},"4":{"loc":{"start":{"line":50,"column":4},"end":{"line":52,"column":5}},"type":"if","locations":[{"start":{"line":50,"column":4},"end":{"line":52,"column":5}},{"start":{},"end":{}}],"line":50},"5":{"loc":{"start":{"line":54,"column":4},"end":{"line":56,"column":5}},"type":"if","locations":[{"start":{"line":54,"column":4},"end":{"line":56,"column":5}},{"start":{},"end":{}}],"line":54},"6":{"loc":{"start":{"line":74,"column":4},"end":{"line":75,"column":71}},"type":"if","locations":[{"start":{"line":74,"column":4},"end":{"line":75,"column":71}},{"start":{},"end":{}}],"line":74}},"s":{"0":2,"1":2,"2":2,"3":2,"4":2,"5":2,"6":2,"7":2,"8":2,"9":13,"10":13,"11":1,"12":12,"13":12,"14":7,"15":5,"16":5,"17":5,"18":5,"19":5,"20":2,"21":7,"22":7,"23":7,"24":0,"25":7,"26":7,"27":7,"28":0,"29":7,"30":7,"31":0,"32":7,"33":7,"34":7,"35":7,"36":0,"37":2,"38":0,"39":0,"40":0,"41":0,"42":0,"43":0,"44":0,"45":0,"46":0,"47":0,"48":0,"49":2},"f":{"0":2,"1":13,"2":7,"3":0},"b":{"0":[1,12],"1":[7,5],"2":[0,7],"3":[7,7],"4":[0,7],"5":[0,7],"6":[0,0]},"_coverageSchema":"1a1c01bbd47fc00a2c39e90264f33305004495a9","hash":"dd8a77b86ffcaab8c990ef530723567d05e79d74"}
,"/Users/pitamber/Desktop/LF-assignment/server/models/patient.js": {"path":"/Users/pitamber/Desktop/LF-assignment/server/models/patient.js","statementMap":{"0":{"start":{"line":1,"column":17},"end":{"line":1,"column":36}},"1":{"start":{"line":3,"column":22},"end":{"line":33,"column":2}},"2":{"start":{"line":35,"column":0},"end":{"line":41,"column":3}},"3":{"start":{"line":37,"column":4},"end":{"line":37,"column":54}},"4":{"start":{"line":38,"column":4},"end":{"line":38,"column":30}},"5":{"start":{"line":39,"column":4},"end":{"line":39,"column":30}},"6":{"start":{"line":43,"column":0},"end":{"line":43,"column":58}}},"fnMap":{"0":{"name":"(anonymous_0)","decl":{"start":{"line":36,"column":13},"end":{"line":36,"column":14}},"loc":{"start":{"line":36,"column":43},"end":{"line":40,"column":3}},"line":36}},"branchMap":{},"s":{"0":2,"1":2,"2":2,"3":7,"4":7,"5":7,"6":2},"f":{"0":7},"b":{},"_coverageSchema":"1a1c01bbd47fc00a2c39e90264f33305004495a9","hash":"fa0e63d5ec503734016ff3d39f57e8ddab22ea8f"}
,"/Users/pitamber/Desktop/LF-assignment/server/models/user.js": {"path":"/Users/pitamber/Desktop/LF-assignment/server/models/user.js","statementMap":{"0":{"start":{"line":1,"column":17},"end":{"line":1,"column":36}},"1":{"start":{"line":3,"column":19},"end":{"line":7,"column":2}},"2":{"start":{"line":9,"column":0},"end":{"line":16,"column":3}},"3":{"start":{"line":11,"column":4},"end":{"line":11,"column":54}},"4":{"start":{"line":12,"column":4},"end":{"line":12,"column":30}},"5":{"start":{"line":13,"column":4},"end":{"line":13,"column":30}},"6":{"start":{"line":14,"column":4},"end":{"line":14,"column":35}},"7":{"start":{"line":18,"column":0},"end":{"line":18,"column":52}}},"fnMap":{"0":{"name":"(anonymous_0)","decl":{"start":{"line":10,"column":13},"end":{"line":10,"column":14}},"loc":{"start":{"line":10,"column":43},"end":{"line":15,"column":3}},"line":10}},"branchMap":{},"s":{"0":2,"1":2,"2":2,"3":7,"4":7,"5":7,"6":7,"7":2},"f":{"0":7},"b":{},"_coverageSchema":"1a1c01bbd47fc00a2c39e90264f33305004495a9","hash":"a1a0f88c9b82f2d3a31ec134c7e023a918757893"}
,"/Users/pitamber/Desktop/LF-assignment/server/utils/config.js": {"path":"/Users/pitamber/Desktop/LF-assignment/server/utils/config.js","statementMap":{"0":{"start":{"line":1,"column":0},"end":{"line":1,"column":27}},"1":{"start":{"line":3,"column":13},"end":{"line":3,"column":29}},"2":{"start":{"line":6,"column":2},"end":{"line":8,"column":29}},"3":{"start":{"line":9,"column":15},"end":{"line":9,"column":33}},"4":{"start":{"line":10,"column":16},"end":{"line":10,"column":35}},"5":{"start":{"line":12,"column":0},"end":{"line":12,"column":56}}},"fnMap":{},"branchMap":{"0":{"loc":{"start":{"line":6,"column":2},"end":{"line":8,"column":29}},"type":"cond-expr","locations":[{"start":{"line":7,"column":6},"end":{"line":7,"column":34}},{"start":{"line":8,"column":6},"end":{"line":8,"column":29}}],"line":6}},"s":{"0":2,"1":2,"2":2,"3":2,"4":2,"5":2},"f":{},"b":{"0":[2,0]},"_coverageSchema":"1a1c01bbd47fc00a2c39e90264f33305004495a9","hash":"c7e83c0f3f8c238444f42757529b219ff0689e8e"}
,"/Users/pitamber/Desktop/LF-assignment/server/utils/middleware.js": {"path":"/Users/pitamber/Desktop/LF-assignment/server/utils/middleware.js","statementMap":{"0":{"start":{"line":1,"column":12},"end":{"line":1,"column":35}},"1":{"start":{"line":2,"column":15},"end":{"line":2,"column":41}},"2":{"start":{"line":4,"column":24},"end":{"line":6,"column":1}},"3":{"start":{"line":5,"column":2},"end":{"line":5,"column":59}},"4":{"start":{"line":8,"column":21},"end":{"line":27,"column":1}},"5":{"start":{"line":9,"column":2},"end":{"line":25,"column":3}},"6":{"start":{"line":10,"column":4},"end":{"line":12,"column":7}},"7":{"start":{"line":13,"column":9},"end":{"line":25,"column":3}},"8":{"start":{"line":14,"column":4},"end":{"line":16,"column":7}},"9":{"start":{"line":17,"column":9},"end":{"line":25,"column":3}},"10":{"start":{"line":18,"column":4},"end":{"line":20,"column":7}},"11":{"start":{"line":21,"column":9},"end":{"line":25,"column":3}},"12":{"start":{"line":22,"column":4},"end":{"line":24,"column":7}},"13":{"start":{"line":26,"column":2},"end":{"line":26,"column":14}},"14":{"start":{"line":29,"column":23},"end":{"line":37,"column":1}},"15":{"start":{"line":30,"column":24},"end":{"line":30,"column":52}},"16":{"start":{"line":32,"column":2},"end":{"line":34,"column":3}},"17":{"start":{"line":33,"column":4},"end":{"line":33,"column":47}},"18":{"start":{"line":36,"column":2},"end":{"line":36,"column":9}},"19":{"start":{"line":39,"column":0},"end":{"line":43,"column":2}}},"fnMap":{"0":{"name":"(anonymous_0)","decl":{"start":{"line":4,"column":24},"end":{"line":4,"column":25}},"loc":{"start":{"line":4,"column":47},"end":{"line":6,"column":1}},"line":4},"1":{"name":"(anonymous_1)","decl":{"start":{"line":8,"column":21},"end":{"line":8,"column":22}},"loc":{"start":{"line":8,"column":57},"end":{"line":27,"column":1}},"line":8},"2":{"name":"(anonymous_2)","decl":{"start":{"line":29,"column":23},"end":{"line":29,"column":24}},"loc":{"start":{"line":29,"column":52},"end":{"line":37,"column":1}},"line":29}},"branchMap":{"0":{"loc":{"start":{"line":9,"column":2},"end":{"line":25,"column":3}},"type":"if","locations":[{"start":{"line":9,"column":2},"end":{"line":25,"column":3}},{"start":{"line":13,"column":9},"end":{"line":25,"column":3}}],"line":9},"1":{"loc":{"start":{"line":13,"column":9},"end":{"line":25,"column":3}},"type":"if","locations":[{"start":{"line":13,"column":9},"end":{"line":25,"column":3}},{"start":{"line":17,"column":9},"end":{"line":25,"column":3}}],"line":13},"2":{"loc":{"start":{"line":17,"column":9},"end":{"line":25,"column":3}},"type":"if","locations":[{"start":{"line":17,"column":9},"end":{"line":25,"column":3}},{"start":{"line":21,"column":9},"end":{"line":25,"column":3}}],"line":17},"3":{"loc":{"start":{"line":21,"column":9},"end":{"line":25,"column":3}},"type":"if","locations":[{"start":{"line":21,"column":9},"end":{"line":25,"column":3}},{"start":{},"end":{}}],"line":21},"4":{"loc":{"start":{"line":32,"column":2},"end":{"line":34,"column":3}},"type":"if","locations":[{"start":{"line":32,"column":2},"end":{"line":34,"column":3}},{"start":{},"end":{}}],"line":32},"5":{"loc":{"start":{"line":32,"column":6},"end":{"line":32,"column":72}},"type":"binary-expr","locations":[{"start":{"line":32,"column":6},"end":{"line":32,"column":19}},{"start":{"line":32,"column":23},"end":{"line":32,"column":72}}],"line":32}},"s":{"0":2,"1":2,"2":2,"3":0,"4":2,"5":0,"6":0,"7":0,"8":0,"9":0,"10":0,"11":0,"12":0,"13":0,"14":2,"15":29,"16":29,"17":2,"18":29,"19":2},"f":{"0":0,"1":0,"2":29},"b":{"0":[0,0],"1":[0,0],"2":[0,0],"3":[0,0],"4":[2,27],"5":[29,2]},"_coverageSchema":"1a1c01bbd47fc00a2c39e90264f33305004495a9","hash":"15e12d8b1e9c5d8ab037892550ac2f1afdc51fc2"}
}
