TN:
SF:app.js
FNF:0
FNH:0
DA:1,2
DA:2,2
DA:3,2
DA:4,2
DA:5,2
DA:10,2
DA:11,2
DA:12,2
DA:14,2
DA:17,2
DA:18,2
DA:19,2
DA:21,2
DA:22,2
DA:23,2
DA:26,2
DA:27,2
DA:29,2
LF:18
LH:18
BRF:0
BRH:0
end_of_record
TN:
SF:multer.js
FNF:0
FNH:0
DA:1,2
DA:3,2
LF:2
LH:2
BRF:0
BRH:0
end_of_record
TN:
SF:controllers/patients.js
FN:24,(anonymous_0)
FN:25,(anonymous_1)
FN:30,(anonymous_2)
FN:32,(anonymous_3)
FN:39,(anonymous_4)
FN:42,(anonymous_5)
FN:68,(anonymous_6)
FN:89,(anonymous_7)
FN:92,(anonymous_8)
FN:95,(anonymous_9)
FN:97,(anonymous_10)
FN:100,(anonymous_11)
FN:103,(anonymous_12)
FN:107,(anonymous_13)
FN:110,(anonymous_14)
FNF:15
FNH:8
FNDA:3,(anonymous_0)
FNDA:3,(anonymous_1)
FNDA:0,(anonymous_2)
FNDA:0,(anonymous_3)
FNDA:0,(anonymous_4)
FNDA:2,(anonymous_5)
FNDA:2,(anonymous_6)
FNDA:0,(anonymous_7)
FNDA:0,(anonymous_8)
FNDA:1,(anonymous_9)
FNDA:1,(anonymous_10)
FNDA:0,(anonymous_11)
FNDA:1,(anonymous_12)
FNDA:1,(anonymous_13)
FNDA:0,(anonymous_14)
DA:1,2
DA:2,2
DA:3,2
DA:4,2
DA:5,2
DA:6,2
DA:8,2
DA:24,2
DA:25,3
DA:26,3
DA:30,2
DA:31,0
DA:33,0
DA:34,0
DA:36,0
DA:39,0
DA:42,2
DA:43,2
DA:55,2
DA:57,2
DA:58,2
DA:59,0
DA:61,2
DA:63,2
DA:69,2
DA:70,0
DA:74,0
DA:87,0
DA:90,0
DA:92,0
DA:95,2
DA:96,1
DA:98,1
DA:100,0
DA:103,2
DA:104,1
DA:105,1
DA:106,1
DA:108,1
DA:110,0
DA:113,2
LF:41
LH:28
BRDA:33,0,0,0
BRDA:33,0,1,0
BRDA:58,1,0,0
BRDA:58,1,1,2
BRDA:69,2,0,2
BRDA:69,2,1,0
BRF:6
BRH:2
end_of_record
TN:
SF:controllers/users.js
FN:7,(anonymous_0)
FN:12,(anonymous_1)
FN:42,(anonymous_2)
FN:71,(anonymous_3)
FNF:4
FNH:3
FNDA:2,(anonymous_0)
FNDA:13,(anonymous_1)
FNDA:7,(anonymous_2)
FNDA:0,(anonymous_3)
DA:1,2
DA:2,2
DA:3,2
DA:4,2
DA:5,2
DA:7,2
DA:8,2
DA:9,2
DA:12,2
DA:13,13
DA:15,13
DA:16,1
DA:21,12
DA:22,12
DA:23,7
DA:28,5
DA:29,5
DA:31,5
DA:37,5
DA:39,5
DA:42,2
DA:43,7
DA:44,7
DA:45,7
DA:46,0
DA:48,7
DA:49,7
DA:50,7
DA:51,0
DA:53,7
DA:54,7
DA:55,0
DA:57,7
DA:61,7
DA:62,7
DA:66,7
DA:68,0
DA:71,2
DA:72,0
DA:73,0
DA:74,0
DA:75,0
DA:77,0
DA:78,0
DA:79,0
DA:83,0
DA:86,0
DA:87,0
DA:89,0
DA:93,2
LF:50
LH:35
BRDA:15,0,0,1
BRDA:15,0,1,12
BRDA:22,1,0,7
BRDA:22,1,1,5
BRDA:45,2,0,0
BRDA:45,2,1,7
BRDA:45,3,0,7
BRDA:45,3,1,7
BRDA:50,4,0,0
BRDA:50,4,1,7
BRDA:54,5,0,0
BRDA:54,5,1,7
BRDA:74,6,0,0
BRDA:74,6,1,0
BRF:14
BRH:9
end_of_record
TN:
SF:models/patient.js
FN:36,(anonymous_0)
FNF:1
FNH:1
FNDA:7,(anonymous_0)
DA:1,2
DA:3,2
DA:35,2
DA:37,7
DA:38,7
DA:39,7
DA:43,2
LF:7
LH:7
BRF:0
BRH:0
end_of_record
TN:
SF:models/user.js
FN:10,(anonymous_0)
FNF:1
FNH:1
FNDA:7,(anonymous_0)
DA:1,2
DA:3,2
DA:9,2
DA:11,7
DA:12,7
DA:13,7
DA:14,7
DA:18,2
LF:8
LH:8
BRF:0
BRH:0
end_of_record
TN:
SF:utils/config.js
FNF:0
FNH:0
DA:1,2
DA:3,2
DA:6,2
DA:9,2
DA:10,2
DA:12,2
LF:6
LH:6
BRDA:6,0,0,2
BRDA:6,0,1,0
BRF:2
BRH:1
end_of_record
TN:
SF:utils/middleware.js
FN:4,(anonymous_0)
FN:8,(anonymous_1)
FN:29,(anonymous_2)
FNF:3
FNH:1
FNDA:0,(anonymous_0)
FNDA:0,(anonymous_1)
FNDA:29,(anonymous_2)
DA:1,2
DA:2,2
DA:4,2
DA:5,0
DA:8,2
DA:9,0
DA:10,0
DA:13,0
DA:14,0
DA:17,0
DA:18,0
DA:21,0
DA:22,0
DA:26,0
DA:29,2
DA:30,29
DA:32,29
DA:33,2
DA:36,29
DA:39,2
LF:20
LH:10
BRDA:9,0,0,0
BRDA:9,0,1,0
BRDA:13,1,0,0
BRDA:13,1,1,0
BRDA:17,2,0,0
BRDA:17,2,1,0
BRDA:21,3,0,0
BRDA:21,3,1,0
BRDA:32,4,0,2
BRDA:32,4,1,27
BRDA:32,5,0,29
BRDA:32,5,1,2
BRF:12
BRH:4
end_of_record
